<?xml version="1.0" encoding="UTF-8"?>  
<beans xmlns="http://www.springframework.org/schema/beans"  
    xmlns:xsi="http://www.w3.org/2001/XMLSchema-instance"
    xmlns:service="http://www.backlego.zookeepler.com/schema/service"
    xmlns:tx="http://www.springframework.org/schema/tx"
    xsi:schemaLocation="  
    http://www.springframework.org/schema/beans http://www.springframework.org/schema/beans/spring-beans-3.0.xsd
    http://www.backlego.zookeepler.com/schema/service http://www.backlego.zookeepler.com/schema/service/zk-service-1.0.xsd">
    <service:import id="name1"/>
    <bean id="rmiClient" class="org.springframework.remoting.rmi.RmiProxyFactoryBean">
    	<property name="serviceUrl" value="rmi://127.0.0.1:9999/helloRMI"></property>
    	<property name="serviceInterface" value="com.test.HelloRMIService"></property>
    </bean>
</beans> 